have_header: checking for ruby/thread.h... -------------------- no

"gcc -E -I. -I/usr/lib/ruby/1.8/x86_64-linux -I.    -O2 -g -m64 -mtune=generic -Wall -fno-strict-aliasing  -fPIC    conftest.c -o conftest.i"
conftest.c:1:25: error: ruby/thread.h: No such file or directory
checked program was:
/* begin */
1: #include <ruby/thread.h>
/* end */

--------------------

have_func: checking for rb_thread_blocking_region()... -------------------- no

"gcc -o conftest -I. -I/usr/lib/ruby/1.8/x86_64-linux -I.    -O2 -g -m64 -mtune=generic -Wall -fno-strict-aliasing  -fPIC   conftest.c  -L. -L/usr/lib -Wl,-R/usr/lib -L.  -rdynamic -Wl,-export-dynamic     -lruby-static  -lrt -ldl -lcrypt -lm   -lc"
conftest.c: In function 't':
conftest.c:3: error: 'rb_thread_blocking_region' undeclared (first use in this function)
conftest.c:3: error: (Each undeclared identifier is reported only once
conftest.c:3: error: for each function it appears in.)
checked program was:
/* begin */
1: /*top*/
2: int main() { return 0; }
3: int t() { void ((*volatile p)()); p = (void ((*)()))rb_thread_blocking_region; return 0; }
/* end */

"gcc -o conftest -I. -I/usr/lib/ruby/1.8/x86_64-linux -I.    -O2 -g -m64 -mtune=generic -Wall -fno-strict-aliasing  -fPIC   conftest.c  -L. -L/usr/lib -Wl,-R/usr/lib -L.  -rdynamic -Wl,-export-dynamic     -lruby-static  -lrt -ldl -lcrypt -lm   -lc"
conftest.c: In function 't':
conftest.c:3: warning: implicit declaration of function 'rb_thread_blocking_region'
/usr/bin/ld: skipping incompatible /usr/lib/librt.so when searching for -lrt
/usr/bin/ld: skipping incompatible /usr/lib/librt.a when searching for -lrt
/usr/bin/ld: skipping incompatible /usr/lib/libdl.so when searching for -ldl
/usr/bin/ld: skipping incompatible /usr/lib/libdl.a when searching for -ldl
/usr/bin/ld: skipping incompatible /usr/lib/libcrypt.so when searching for -lcrypt
/usr/bin/ld: skipping incompatible /usr/lib/libcrypt.a when searching for -lcrypt
/usr/bin/ld: skipping incompatible /usr/lib/libm.so when searching for -lm
/usr/bin/ld: skipping incompatible /usr/lib/libm.a when searching for -lm
/usr/bin/ld: skipping incompatible /usr/lib/libc.so when searching for -lc
/usr/bin/ld: skipping incompatible /usr/lib/libc.a when searching for -lc
/usr/bin/ld: skipping incompatible /usr/lib/libc.so when searching for -lc
/usr/bin/ld: skipping incompatible /usr/lib/libc.a when searching for -lc
/tmp/cc2r6O89.o: In function `t':
/home/truefitt/truefit/vendor/bundle/ruby/1.8/gems/mysql2-0.3.15/ext/mysql2/conftest.c:3: undefined reference to `rb_thread_blocking_region'
collect2: ld returned 1 exit status
checked program was:
/* begin */
1: /*top*/
2: int main() { return 0; }
3: int t() { rb_thread_blocking_region(); return 0; }
/* end */

--------------------

have_func: checking for rb_wait_for_single_fd()... -------------------- no

"gcc -o conftest -I. -I/usr/lib/ruby/1.8/x86_64-linux -I.    -O2 -g -m64 -mtune=generic -Wall -fno-strict-aliasing  -fPIC   conftest.c  -L. -L/usr/lib -Wl,-R/usr/lib -L.  -rdynamic -Wl,-export-dynamic     -lruby-static  -lrt -ldl -lcrypt -lm   -lc"
conftest.c: In function 't':
conftest.c:3: error: 'rb_wait_for_single_fd' undeclared (first use in this function)
conftest.c:3: error: (Each undeclared identifier is reported only once
conftest.c:3: error: for each function it appears in.)
checked program was:
/* begin */
1: /*top*/
2: int main() { return 0; }
3: int t() { void ((*volatile p)()); p = (void ((*)()))rb_wait_for_single_fd; return 0; }
/* end */

"gcc -o conftest -I. -I/usr/lib/ruby/1.8/x86_64-linux -I.    -O2 -g -m64 -mtune=generic -Wall -fno-strict-aliasing  -fPIC   conftest.c  -L. -L/usr/lib -Wl,-R/usr/lib -L.  -rdynamic -Wl,-export-dynamic     -lruby-static  -lrt -ldl -lcrypt -lm   -lc"
conftest.c: In function 't':
conftest.c:3: warning: implicit declaration of function 'rb_wait_for_single_fd'
/usr/bin/ld: skipping incompatible /usr/lib/librt.so when searching for -lrt
/usr/bin/ld: skipping incompatible /usr/lib/librt.a when searching for -lrt
/usr/bin/ld: skipping incompatible /usr/lib/libdl.so when searching for -ldl
/usr/bin/ld: skipping incompatible /usr/lib/libdl.a when searching for -ldl
/usr/bin/ld: skipping incompatible /usr/lib/libcrypt.so when searching for -lcrypt
/usr/bin/ld: skipping incompatible /usr/lib/libcrypt.a when searching for -lcrypt
/usr/bin/ld: skipping incompatible /usr/lib/libm.so when searching for -lm
/usr/bin/ld: skipping incompatible /usr/lib/libm.a when searching for -lm
/usr/bin/ld: skipping incompatible /usr/lib/libc.so when searching for -lc
/usr/bin/ld: skipping incompatible /usr/lib/libc.a when searching for -lc
/usr/bin/ld: skipping incompatible /usr/lib/libc.so when searching for -lc
/usr/bin/ld: skipping incompatible /usr/lib/libc.a when searching for -lc
/tmp/ccmHjQ3l.o: In function `t':
/home/truefitt/truefit/vendor/bundle/ruby/1.8/gems/mysql2-0.3.15/ext/mysql2/conftest.c:3: undefined reference to `rb_wait_for_single_fd'
collect2: ld returned 1 exit status
checked program was:
/* begin */
1: /*top*/
2: int main() { return 0; }
3: int t() { rb_wait_for_single_fd(); return 0; }
/* end */

--------------------

have_func: checking for rb_hash_dup()... -------------------- no

"gcc -o conftest -I. -I/usr/lib/ruby/1.8/x86_64-linux -I.    -O2 -g -m64 -mtune=generic -Wall -fno-strict-aliasing  -fPIC   conftest.c  -L. -L/usr/lib -Wl,-R/usr/lib -L.  -rdynamic -Wl,-export-dynamic     -lruby-static  -lrt -ldl -lcrypt -lm   -lc"
conftest.c: In function 't':
conftest.c:3: error: 'rb_hash_dup' undeclared (first use in this function)
conftest.c:3: error: (Each undeclared identifier is reported only once
conftest.c:3: error: for each function it appears in.)
checked program was:
/* begin */
1: /*top*/
2: int main() { return 0; }
3: int t() { void ((*volatile p)()); p = (void ((*)()))rb_hash_dup; return 0; }
/* end */

"gcc -o conftest -I. -I/usr/lib/ruby/1.8/x86_64-linux -I.    -O2 -g -m64 -mtune=generic -Wall -fno-strict-aliasing  -fPIC   conftest.c  -L. -L/usr/lib -Wl,-R/usr/lib -L.  -rdynamic -Wl,-export-dynamic     -lruby-static  -lrt -ldl -lcrypt -lm   -lc"
conftest.c: In function 't':
conftest.c:3: warning: implicit declaration of function 'rb_hash_dup'
/usr/bin/ld: skipping incompatible /usr/lib/librt.so when searching for -lrt
/usr/bin/ld: skipping incompatible /usr/lib/librt.a when searching for -lrt
/usr/bin/ld: skipping incompatible /usr/lib/libdl.so when searching for -ldl
/usr/bin/ld: skipping incompatible /usr/lib/libdl.a when searching for -ldl
/usr/bin/ld: skipping incompatible /usr/lib/libcrypt.so when searching for -lcrypt
/usr/bin/ld: skipping incompatible /usr/lib/libcrypt.a when searching for -lcrypt
/usr/bin/ld: skipping incompatible /usr/lib/libm.so when searching for -lm
/usr/bin/ld: skipping incompatible /usr/lib/libm.a when searching for -lm
/usr/bin/ld: skipping incompatible /usr/lib/libc.so when searching for -lc
/usr/bin/ld: skipping incompatible /usr/lib/libc.a when searching for -lc
/usr/bin/ld: skipping incompatible /usr/lib/libc.so when searching for -lc
/usr/bin/ld: skipping incompatible /usr/lib/libc.a when searching for -lc
/tmp/cc47ZOJA.o: In function `t':
/home/truefitt/truefit/vendor/bundle/ruby/1.8/gems/mysql2-0.3.15/ext/mysql2/conftest.c:3: undefined reference to `rb_hash_dup'
collect2: ld returned 1 exit status
checked program was:
/* begin */
1: /*top*/
2: int main() { return 0; }
3: int t() { rb_hash_dup(); return 0; }
/* end */

--------------------

have_func: checking for rb_intern3()... -------------------- no

"gcc -o conftest -I. -I/usr/lib/ruby/1.8/x86_64-linux -I.    -O2 -g -m64 -mtune=generic -Wall -fno-strict-aliasing  -fPIC   conftest.c  -L. -L/usr/lib -Wl,-R/usr/lib -L.  -rdynamic -Wl,-export-dynamic     -lruby-static  -lrt -ldl -lcrypt -lm   -lc"
conftest.c: In function 't':
conftest.c:3: error: 'rb_intern3' undeclared (first use in this function)
conftest.c:3: error: (Each undeclared identifier is reported only once
conftest.c:3: error: for each function it appears in.)
checked program was:
/* begin */
1: /*top*/
2: int main() { return 0; }
3: int t() { void ((*volatile p)()); p = (void ((*)()))rb_intern3; return 0; }
/* end */

"gcc -o conftest -I. -I/usr/lib/ruby/1.8/x86_64-linux -I.    -O2 -g -m64 -mtune=generic -Wall -fno-strict-aliasing  -fPIC   conftest.c  -L. -L/usr/lib -Wl,-R/usr/lib -L.  -rdynamic -Wl,-export-dynamic     -lruby-static  -lrt -ldl -lcrypt -lm   -lc"
conftest.c: In function 't':
conftest.c:3: warning: implicit declaration of function 'rb_intern3'
/usr/bin/ld: skipping incompatible /usr/lib/librt.so when searching for -lrt
/usr/bin/ld: skipping incompatible /usr/lib/librt.a when searching for -lrt
/usr/bin/ld: skipping incompatible /usr/lib/libdl.so when searching for -ldl
/usr/bin/ld: skipping incompatible /usr/lib/libdl.a when searching for -ldl
/usr/bin/ld: skipping incompatible /usr/lib/libcrypt.so when searching for -lcrypt
/usr/bin/ld: skipping incompatible /usr/lib/libcrypt.a when searching for -lcrypt
/usr/bin/ld: skipping incompatible /usr/lib/libm.so when searching for -lm
/usr/bin/ld: skipping incompatible /usr/lib/libm.a when searching for -lm
/usr/bin/ld: skipping incompatible /usr/lib/libc.so when searching for -lc
/usr/bin/ld: skipping incompatible /usr/lib/libc.a when searching for -lc
/usr/bin/ld: skipping incompatible /usr/lib/libc.so when searching for -lc
/usr/bin/ld: skipping incompatible /usr/lib/libc.a when searching for -lc
/tmp/ccCKzRVN.o: In function `t':
/home/truefitt/truefit/vendor/bundle/ruby/1.8/gems/mysql2-0.3.15/ext/mysql2/conftest.c:3: undefined reference to `rb_intern3'
collect2: ld returned 1 exit status
checked program was:
/* begin */
1: /*top*/
2: int main() { return 0; }
3: int t() { rb_intern3(); return 0; }
/* end */

--------------------

have_header: checking for mysql.h... -------------------- yes

"gcc -E -I. -I/usr/lib/ruby/1.8/x86_64-linux -I. -I/usr/include/mysql    -O2 -g -m64 -mtune=generic -Wall -fno-strict-aliasing  -fPIC    conftest.c -o conftest.i"
checked program was:
/* begin */
1: #include <mysql.h>
/* end */

--------------------

have_header: checking for errmsg.h... -------------------- yes

"gcc -E -I. -I/usr/lib/ruby/1.8/x86_64-linux -I. -I/usr/include/mysql    -O2 -g -m64 -mtune=generic -Wall -fno-strict-aliasing  -fPIC    conftest.c -o conftest.i"
checked program was:
/* begin */
1: #include <errmsg.h>
/* end */

--------------------

have_header: checking for mysqld_error.h... -------------------- yes

"gcc -E -I. -I/usr/lib/ruby/1.8/x86_64-linux -I. -I/usr/include/mysql    -O2 -g -m64 -mtune=generic -Wall -fno-strict-aliasing  -fPIC    conftest.c -o conftest.i"
checked program was:
/* begin */
1: #include <mysqld_error.h>
/* end */

--------------------

"gcc -o conftest -I. -I/usr/lib/ruby/1.8/x86_64-linux -I. -I/usr/include/mysql    -O2 -g -m64 -mtune=generic -Wall -fno-strict-aliasing  -fPIC   conftest.c  -L. -L/usr/lib -Wl,-R/usr/lib -L.  -rdynamic -Wl,-export-dynamic    -rdynamic -L/usr/lib64/mysql -lmysqlclient_r -lz -lrt -lpthread -lcrypt -lnsl -lm -lpthread -lmygcc  -lruby-static  -Wall -funroll-loops -lrt -ldl -lcrypt -lm   -lc"
/usr/bin/ld: skipping incompatible /usr/lib/libz.so when searching for -lz
/usr/bin/ld: skipping incompatible /usr/lib/libz.a when searching for -lz
/usr/bin/ld: skipping incompatible /usr/lib/librt.so when searching for -lrt
/usr/bin/ld: skipping incompatible /usr/lib/librt.a when searching for -lrt
/usr/bin/ld: skipping incompatible /usr/lib/libpthread.so when searching for -lpthread
/usr/bin/ld: skipping incompatible /usr/lib/libpthread.a when searching for -lpthread
/usr/bin/ld: skipping incompatible /usr/lib/libcrypt.so when searching for -lcrypt
/usr/bin/ld: skipping incompatible /usr/lib/libcrypt.a when searching for -lcrypt
/usr/bin/ld: skipping incompatible /usr/lib/libnsl.so when searching for -lnsl
/usr/bin/ld: skipping incompatible /usr/lib/libnsl.a when searching for -lnsl
/usr/bin/ld: skipping incompatible /usr/lib/libm.so when searching for -lm
/usr/bin/ld: skipping incompatible /usr/lib/libm.a when searching for -lm
/usr/bin/ld: skipping incompatible /usr/lib/libpthread.so when searching for -lpthread
/usr/bin/ld: skipping incompatible /usr/lib/libpthread.a when searching for -lpthread
/usr/bin/ld: skipping incompatible /usr/lib/librt.so when searching for -lrt
/usr/bin/ld: skipping incompatible /usr/lib/librt.a when searching for -lrt
/usr/bin/ld: skipping incompatible /usr/lib/libdl.so when searching for -ldl
/usr/bin/ld: skipping incompatible /usr/lib/libdl.a when searching for -ldl
/usr/bin/ld: skipping incompatible /usr/lib/libcrypt.so when searching for -lcrypt
/usr/bin/ld: skipping incompatible /usr/lib/libcrypt.a when searching for -lcrypt
/usr/bin/ld: skipping incompatible /usr/lib/libm.so when searching for -lm
/usr/bin/ld: skipping incompatible /usr/lib/libm.a when searching for -lm
/usr/bin/ld: skipping incompatible /usr/lib/libc.so when searching for -lc
/usr/bin/ld: skipping incompatible /usr/lib/libc.a when searching for -lc
/usr/bin/ld: skipping incompatible /usr/lib/libc.so when searching for -lc
/usr/bin/ld: skipping incompatible /usr/lib/libc.a when searching for -lc
checked program was:
/* begin */
1: int main() {return 0;}
/* end */

